#-----------------------------------------------------------
# Vivado v2021.1 (64-bit)
# SW Build 3247384 on Thu Jun 10 19:36:33 MDT 2021
# IP Build 3246043 on Fri Jun 11 00:30:35 MDT 2021
# Start of session at: Tue Jan 25 17:04:29 2022
# Process ID: 25712
# Current directory: C:/Users/varna/GitHub/eecs151/lab1/lab1/lab1.runs/impl_1
# Command line: vivado.exe -gui_launcher_event rodinguilauncherevent27368 C:\Users\varna\GitHub\eecs151\lab1\lab1\lab1.runs\impl_1\z1top_routed.dcp
# Log file: C:/Users/varna/GitHub/eecs151/lab1/lab1/lab1.runs/impl_1/vivado.log
# Journal file: C:/Users/varna/GitHub/eecs151/lab1/lab1/lab1.runs/impl_1\vivado.jou
#-----------------------------------------------------------
start_gui
open_checkpoint C:/Users/varna/GitHub/eecs151/lab1/lab1/lab1.runs/impl_1/z1top_routed.dcp
Command: open_checkpoint C:/Users/varna/GitHub/eecs151/lab1/lab1/lab1.runs/impl_1/z1top_routed.dcp

Starting open_checkpoint Task

Time (s): cpu = 00:00:00 ; elapsed = 00:00:00.043 . Memory (MB): peak = 1118.020 ; gain = 0.000
INFO: [IP_Flow 19-234] Refreshing IP repositories
INFO: [IP_Flow 19-1704] No user IP repositories specified
INFO: [IP_Flow 19-2313] Loaded Vivado IP repository 'C:/Xilinx/Vivado/2021.1/data/ip'.
INFO: [Device 21-403] Loading part xc7z020clg400-1
Netlist sorting complete. Time (s): cpu = 00:00:00 ; elapsed = 00:00:00.001 . Memory (MB): peak = 1191.504 ; gain = 0.000
INFO: [Project 1-479] Netlist was created with Vivado 2021.1
INFO: [Project 1-570] Preparing netlist for logic optimization
INFO: [Timing 38-478] Restoring timing data from binary archive.
INFO: [Timing 38-479] Binary timing data restore complete.
INFO: [Project 1-856] Restoring constraints from binary archive.
INFO: [Project 1-853] Binary constraint restore complete.
Reading XDEF placement.
Reading placer database...
Reading XDEF routing.
Read XDEF File: Time (s): cpu = 00:00:01 ; elapsed = 00:00:00.104 . Memory (MB): peak = 1853.848 ; gain = 14.516
Restored from archive | CPU: 1.000000 secs | Memory: 0.000000 MB |
Finished XDEF File Restore: Time (s): cpu = 00:00:01 ; elapsed = 00:00:00.105 . Memory (MB): peak = 1853.848 ; gain = 14.516
Netlist sorting complete. Time (s): cpu = 00:00:00 ; elapsed = 00:00:00 . Memory (MB): peak = 1853.848 ; gain = 0.000
INFO: [Project 1-111] Unisim Transformation Summary:
No Unisim elements were transformed.

INFO: [Project 1-604] Checkpoint was created with Vivado v2021.1 (64-bit) build 3247384
open_checkpoint: Time (s): cpu = 00:00:34 ; elapsed = 00:00:19 . Memory (MB): peak = 2022.504 ; gain = 904.484
exit
INFO: [Common 17-206] Exiting Vivado at Tue Jan 25 17:16:55 2022...
